
> temp_next_app@0.1.0 build
> next build

Γû▓ Next.js 16.2.2 (Turbopack)
- Environments: .env.local

  Creating an optimized production build ...
Γ£ô Compiled successfully in 10.3s
  Running TypeScript ...
node.exe : Failed to type 
check.
At line:1 char:1
+ & "C:\Program 
Files\nodejs/node.exe" 
"C:\Program 
Files\nodejs/node_mo ...
+ ~~~~~~~~~~~~~~~~~~~~~~~~~
~~~~~~~~~~~~~~~~~~~~~~~~~~~
~~~~~~~~~~~~~~~~~
    + CategoryInfo         
     : NotSpecified: (Fai  
  led to type check.:Str   
 ing) [], RemoteExcepti    
on
    + FullyQualifiedErrorI 
   d : NativeCommandError
 

./src/components/templates/
RusticBoho/index.tsx:26:79
Type error: Property 
'gift_message' does not 
exist on type 
'ClientDetails'.

  [90m24 |[0m 
...[32m-[2rem] bg-white 
p-10 shadow-sm"[0m>
  [90m25 |[0m ...[32m 
uppercase 
tracking-[0.35em] text-slat
e-500"[0m>[33mDoa[0m & 
[33mCerita[0m</p>
[31m[1m>[0m [90m26 
|[0m ...[32mxt-base 
leading-7 text-slate-600"[
0m>{details.gift_message 
|| [32m'Kami menantikan 
doa dan keh...[0m
  [90m   |[0m            
                           
        [31m[1m^[0m
  [90m27 |[0m ...
  [90m28 |[0m ...
  [90m29 |[0m ...
Next.js build worker 
exited with code: 1 and 
signal: null
